-I- Waiting ...
-I- TCL platform : Windows NT
-I- SAM-BA 2.15  on : windows
-I- current connection is \jlink\ARM0, \\jlink\\ARM0 to be matched 
-I- Retrieved arguments from command line :
-I- argv 0 : \jlink\ARM0
-I- argv 1 : at91sam9x35-ek
-I- argv 2 : at91sam9x5ek_demo_linux_nandflash.tcl
-I- Connection \jlink\ARM0
-I- Connect index 0 in connection list
-I- Connecting with \jlink\ARM0\SN:59104728
-I- Connection : \jlink\ARM0\SN:59104728 (target(comType) = 2)
-I- Board : at91sam9x35-ek
-I- Traces Level : 4
-I- target(handle) : 51863680
-I- sourcing board description file C:/Program Files (x86)/Atmel/sam-ba_2.15/sam-ba.exe/../tcl_lib/at91sam9g15-ek/at91sam9g15-ek.tcl
Read device Chip ID at 0xFFFFF240 --- get 0x819a05a1
-I- Found chip : at91sam9x25 (Chip ID : 0x819a05a1)
-I- Loading applet applet-lowlevelinit-sam9g15.bin at address 0x300000
-I- Memory Size : 0x2 bytes
-I- Buffer address : 0x4
-I- Buffer size: 0x0 bytes
-I- Applet initialization done
-I- Low level initialized
-I- External RAM Settings :  extRamVdd=0, extRamType=1, extRamDataBusWidth=32, extDDRamModel=0
-I- External RAM Settings :  extRamVdd=0, extRamType=1, extRamDataBusWidth=32, extDDRamModel=0
-I- Loading applet applet-extram-sam9g15.bin at address 0x300000
-I- Memory Size : 0x8000000 bytes
-I- Buffer address : 0x300B90
-I- Buffer size: 0x0 bytes
-I- Applet initialization done
-I- External RAM initialized
-I- Command line mode : Execute script file : at91sam9x5ek_demo_linux_nandflash.tcl
-I- === Initialize the NAND access ===
-I- NANDFLASH::Init (trace level : 4)
-I- Loading applet applet-nandflash-sam9g15.bin at address 0x20000000
-I- Memory Size : 0x10000000 bytes
-I- Buffer address : 0x2001147C
-I- Buffer size: 0x20000 bytes
-I- Applet initialization done
 - By default PMECC is activated, 
    - By default, The pmecc computation is based on a sector of 512 bytes,
    - By default, correcting capability for pmecc is retrieved from ONFI parameter,
    - By default, offset of the first ecc byte in spare zone is '2',
    - To config pmecc parameter, using 'NANDFLASH::SetNandHeaderValue pmeccParam pmeccParamValue' command,
       - Type  'NANDFLASH::SetNandHeaderValue '  to dispaly current pmecc configuration.
       - Type  'NANDFLASH::SetNandHeaderValue ?'  to get help for pmecc setting,
- To active software ECC, using 'Enable Software ECC' command,
    - Recommand to erase all after the ecc mode switch between software ECC & pmecc.
-I- === Enable PMECC OS Parameters ===
   - HEADER value  is 0xC0C00405
-I- Pmecc header configration successful
-I- PMECC configure c0c00405
-I- === Erase all the NAND flash blocs and test the erasing ===
-I- GENERIC::EraseAll
-I- === Load the bootstrap: nandflash_at91sam9-ek in the first sector ===
Sending boot file done.
-I- === Load the u-boot image ===
-I- Send File u-boot.bin at address 0x00040000
GENERIC::SendFile u-boot.bin at address 0x40000
-I- File size : 0x44DB4 byte(s)
-I- Complete 0%
-I- 	Writing: 0x20000 bytes at 0x40000 (buffer addr : 0x2001147C)
-I- 	0x20000 bytes written by applet
-I- Complete 46%
-I- 	Writing: 0x20000 bytes at 0x60000 (buffer addr : 0x2001147C)
-I- 	0x20000 bytes written by applet
-I- Complete 92%
-I- 	Writing: 0x4DB4 bytes at 0x80000 (buffer addr : 0x2001147C)
-I- 	0x4DB4 bytes written by applet
-I- === Load the Kernel image ===
-I- Send File uImage at address 0x00200000
GENERIC::SendFile uImage at address 0x200000
-I- File size : 0x202818 byte(s)
-I- Complete 0%
-I- 	Writing: 0x20000 bytes at 0x200000 (buffer addr : 0x2001147C)
-I- 	0x20000 bytes written by applet
-I- Complete 6%
-I- 	Writing: 0x20000 bytes at 0x220000 (buffer addr : 0x2001147C)
-I- 	0x20000 bytes written by applet
-I- Complete 12%
-I- 	Writing: 0x20000 bytes at 0x240000 (buffer addr : 0x2001147C)
-I- 	0x20000 bytes written by applet
-I- Complete 18%
-I- 	Writing: 0x20000 bytes at 0x260000 (buffer addr : 0x2001147C)
-I- 	0x20000 bytes written by applet
-I- Complete 24%
-I- 	Writing: 0x20000 bytes at 0x280000 (buffer addr : 0x2001147C)
-I- 	0x20000 bytes written by applet
-I- Complete 31%
-I- 	Writing: 0x20000 bytes at 0x2A0000 (buffer addr : 0x2001147C)
-I- 	0x20000 bytes written by applet
-I- Complete 37%
-I- 	Writing: 0x20000 bytes at 0x2C0000 (buffer addr : 0x2001147C)
-I- 	0x20000 bytes written by applet
-I- Complete 43%
-I- 	Writing: 0x20000 bytes at 0x2E0000 (buffer addr : 0x2001147C)
-I- 	0x20000 bytes written by applet
-I- Complete 49%
-I- 	Writing: 0x20000 bytes at 0x300000 (buffer addr : 0x2001147C)
-I- 	0x20000 bytes written by applet
-I- Complete 55%
-I- 	Writing: 0x20000 bytes at 0x320000 (buffer addr : 0x2001147C)
-I- 	0x20000 bytes written by applet
-I- Complete 62%
-I- 	Writing: 0x20000 bytes at 0x340000 (buffer addr : 0x2001147C)
-I- 	0x20000 bytes written by applet
-I- Complete 68%
-I- 	Writing: 0x20000 bytes at 0x360000 (buffer addr : 0x2001147C)
-I- 	0x20000 bytes written by applet
-I- Complete 74%
-I- 	Writing: 0x20000 bytes at 0x380000 (buffer addr : 0x2001147C)
-I- 	0x20000 bytes written by applet
-I- Complete 80%
-I- 	Writing: 0x20000 bytes at 0x3A0000 (buffer addr : 0x2001147C)
-I- 	0x20000 bytes written by applet
-I- Complete 87%
-I- 	Writing: 0x20000 bytes at 0x3C0000 (buffer addr : 0x2001147C)
-I- 	0x20000 bytes written by applet
-I- Complete 93%
-I- 	Writing: 0x20000 bytes at 0x3E0000 (buffer addr : 0x2001147C)
-I- 	0x20000 bytes written by applet
-I- Complete 99%
-I- 	Writing: 0x2818 bytes at 0x400000 (buffer addr : 0x2001147C)
-I- 	0x2818 bytes written by applet
-I- === Enable trimffs ===
-I- === Load the linux file system ===
-I- Send File ubi60.img at address 0x00800000
GENERIC::SendFile ubi60.img at address 0x800000
-I- File size : 0x2340000 byte(s)
-I- Complete 0%
-I- 	Writing: 0x20000 bytes at 0x800000 (buffer addr : 0x2001147C)
-I- 	0x20000 bytes written by applet
-I- Complete 0%
-I- 	Writing: 0x20000 bytes at 0x820000 (buffer addr : 0x2001147C)
-I- 	0x20000 bytes written by applet
-I- Complete 0%
-I- 	Writing: 0x20000 bytes at 0x840000 (buffer addr : 0x2001147C)
-I- 	0x20000 bytes written by applet
-I- Complete 1%
-I- 	Writing: 0x20000 bytes at 0x860000 (buffer addr : 0x2001147C)
-I- 	0x20000 bytes written by applet
-I- Complete 1%
-I- 	Writing: 0x20000 bytes at 0x880000 (buffer addr : 0x2001147C)
-I- 	0x20000 bytes written by applet
-I- Complete 1%
-I- 	Writing: 0x20000 bytes at 0x8A0000 (buffer addr : 0x2001147C)
-I- 	0x20000 bytes written by applet
-I- Complete 2%
-I- 	Writing: 0x20000 bytes at 0x8C0000 (buffer addr : 0x2001147C)
-I- 	0x20000 bytes written by applet
-I- Complete 2%
-I- 	Writing: 0x20000 bytes at 0x8E0000 (buffer addr : 0x2001147C)
-I- 	0x20000 bytes written by applet
-I- Complete 2%
-I- 	Writing: 0x20000 bytes at 0x900000 (buffer addr : 0x2001147C)
-I- 	0x20000 bytes written by applet
-I- Complete 3%
-I- 	Writing: 0x20000 bytes at 0x920000 (buffer addr : 0x2001147C)
-I- 	0x20000 bytes written by applet
-I- Complete 3%
-I- 	Writing: 0x20000 bytes at 0x940000 (buffer addr : 0x2001147C)
-I- 	0x20000 bytes written by applet
-I- Complete 3%
-I- 	Writing: 0x20000 bytes at 0x960000 (buffer addr : 0x2001147C)
-I- 	0x20000 bytes written by applet
-I- Complete 4%
-I- 	Writing: 0x20000 bytes at 0x980000 (buffer addr : 0x2001147C)
-I- 	0x20000 bytes written by applet
-I- Complete 4%
-I- 	Writing: 0x20000 bytes at 0x9A0000 (buffer addr : 0x2001147C)
-I- 	0x20000 bytes written by applet
-I- Complete 4%
-I- 	Writing: 0x20000 bytes at 0x9C0000 (buffer addr : 0x2001147C)
-I- 	0x20000 bytes written by applet
-I- Complete 5%
-I- 	Writing: 0x20000 bytes at 0x9E0000 (buffer addr : 0x2001147C)
-I- 	0x20000 bytes written by applet
-I- Complete 5%
-I- 	Writing: 0x20000 bytes at 0xA00000 (buffer addr : 0x2001147C)
-I- 	0x20000 bytes written by applet
-I- Complete 6%
-I- 	Writing: 0x20000 bytes at 0xA20000 (buffer addr : 0x2001147C)
-I- 	0x20000 bytes written by applet
-I- Complete 6%
-I- 	Writing: 0x20000 bytes at 0xA40000 (buffer addr : 0x2001147C)
-I- 	0x20000 bytes written by applet
-I- Complete 6%
-I- 	Writing: 0x20000 bytes at 0xA60000 (buffer addr : 0x2001147C)
-I- 	0x20000 bytes written by applet
-I- Complete 7%
-I- 	Writing: 0x20000 bytes at 0xA80000 (buffer addr : 0x2001147C)
-I- 	0x20000 bytes written by applet
-I- Complete 7%
-I- 	Writing: 0x20000 bytes at 0xAA0000 (buffer addr : 0x2001147C)
-I- 	0x20000 bytes written by applet
-I- Complete 7%
-I- 	Writing: 0x20000 bytes at 0xAC0000 (buffer addr : 0x2001147C)
-I- 	0x20000 bytes written by applet
-I- Complete 8%
-I- 	Writing: 0x20000 bytes at 0xAE0000 (buffer addr : 0x2001147C)
-I- 	0x20000 bytes written by applet
-I- Complete 8%
-I- 	Writing: 0x20000 bytes at 0xB00000 (buffer addr : 0x2001147C)
-I- 	0x20000 bytes written by applet
-I- Complete 8%
-I- 	Writing: 0x20000 bytes at 0xB20000 (buffer addr : 0x2001147C)
-I- 	0x20000 bytes written by applet
-I- Complete 9%
-I- 	Writing: 0x20000 bytes at 0xB40000 (buffer addr : 0x2001147C)
-I- 	0x20000 bytes written by applet
-I- Complete 9%
-I- 	Writing: 0x20000 bytes at 0xB60000 (buffer addr : 0x2001147C)
-I- 	0x20000 bytes written by applet
-I- Complete 9%
-I- 	Writing: 0x20000 bytes at 0xB80000 (buffer addr : 0x2001147C)
-I- 	0x20000 bytes written by applet
-I- Complete 10%
-I- 	Writing: 0x20000 bytes at 0xBA0000 (buffer addr : 0x2001147C)
-I- 	0x20000 bytes written by applet
-I- Complete 10%
-I- 	Writing: 0x20000 bytes at 0xBC0000 (buffer addr : 0x2001147C)
-I- 	0x20000 bytes written by applet
-I- Complete 10%
-I- 	Writing: 0x20000 bytes at 0xBE0000 (buffer addr : 0x2001147C)
-I- 	0x20000 bytes written by applet
-I- Complete 11%
-I- 	Writing: 0x20000 bytes at 0xC00000 (buffer addr : 0x2001147C)
-I- 	0x20000 bytes written by applet
-I- Complete 11%
-I- 	Writing: 0x20000 bytes at 0xC20000 (buffer addr : 0x2001147C)
-I- 	0x20000 bytes written by applet
-I- Complete 12%
-I- 	Writing: 0x20000 bytes at 0xC40000 (buffer addr : 0x2001147C)
-I- 	0x20000 bytes written by applet
-I- Complete 12%
-I- 	Writing: 0x20000 bytes at 0xC60000 (buffer addr : 0x2001147C)
-I- 	0x20000 bytes written by applet
-I- Complete 12%
-I- 	Writing: 0x20000 bytes at 0xC80000 (buffer addr : 0x2001147C)
-I- 	0x20000 bytes written by applet
-I- Complete 13%
-I- 	Writing: 0x20000 bytes at 0xCA0000 (buffer addr : 0x2001147C)
-I- 	0x20000 bytes written by applet
-I- Complete 13%
-I- 	Writing: 0x20000 bytes at 0xCC0000 (buffer addr : 0x2001147C)
-I- 	0x20000 bytes written by applet
-I- Complete 13%
-I- 	Writing: 0x20000 bytes at 0xCE0000 (buffer addr : 0x2001147C)
-I- 	0x20000 bytes written by applet
-I- Complete 14%
-I- 	Writing: 0x20000 bytes at 0xD00000 (buffer addr : 0x2001147C)
-I- 	0x20000 bytes written by applet
-I- Complete 14%
-I- 	Writing: 0x20000 bytes at 0xD20000 (buffer addr : 0x2001147C)
-I- 	0x20000 bytes written by applet
-I- Complete 14%
-I- 	Writing: 0x20000 bytes at 0xD40000 (buffer addr : 0x2001147C)
-I- 	0x20000 bytes written by applet
-I- Complete 15%
-I- 	Writing: 0x20000 bytes at 0xD60000 (buffer addr : 0x2001147C)
-I- 	0x20000 bytes written by applet
-I- Complete 15%
-I- 	Writing: 0x20000 bytes at 0xD80000 (buffer addr : 0x2001147C)
-I- 	0x20000 bytes written by applet
-I- Complete 15%
-I- 	Writing: 0x20000 bytes at 0xDA0000 (buffer addr : 0x2001147C)
-I- 	0x20000 bytes written by applet
-I- Complete 16%
-I- 	Writing: 0x20000 bytes at 0xDC0000 (buffer addr : 0x2001147C)
-I- 	0x20000 bytes written by applet
-I- Complete 16%
-I- 	Writing: 0x20000 bytes at 0xDE0000 (buffer addr : 0x2001147C)
-I- 	0x20000 bytes written by applet
-I- Complete 17%
-I- 	Writing: 0x20000 bytes at 0xE00000 (buffer addr : 0x2001147C)
-I- 	0x20000 bytes written by applet
-I- Complete 17%
-I- 	Writing: 0x20000 bytes at 0xE20000 (buffer addr : 0x2001147C)
-I- 	0x20000 bytes written by applet
-I- Complete 17%
-I- 	Writing: 0x20000 bytes at 0xE40000 (buffer addr : 0x2001147C)
-I- 	0x20000 bytes written by applet
-I- Complete 18%
-I- 	Writing: 0x20000 bytes at 0xE60000 (buffer addr : 0x2001147C)
-I- 	0x20000 bytes written by applet
-I- Complete 18%
-I- 	Writing: 0x20000 bytes at 0xE80000 (buffer addr : 0x2001147C)
-I- 	0x20000 bytes written by applet
-I- Complete 18%
-I- 	Writing: 0x20000 bytes at 0xEA0000 (buffer addr : 0x2001147C)
-I- 	0x20000 bytes written by applet
-I- Complete 19%
-I- 	Writing: 0x20000 bytes at 0xEC0000 (buffer addr : 0x2001147C)
-I- 	0x20000 bytes written by applet
-I- Complete 19%
-I- 	Writing: 0x20000 bytes at 0xEE0000 (buffer addr : 0x2001147C)
-I- 	0x20000 bytes written by applet
-I- Complete 19%
-I- 	Writing: 0x20000 bytes at 0xF00000 (buffer addr : 0x2001147C)
-I- 	0x20000 bytes written by applet
-I- Complete 20%
-I- 	Writing: 0x20000 bytes at 0xF20000 (buffer addr : 0x2001147C)
-I- 	0x20000 bytes written by applet
-I- Complete 20%
-I- 	Writing: 0x20000 bytes at 0xF40000 (buffer addr : 0x2001147C)
-I- 	0x20000 bytes written by applet
-I- Complete 20%
-I- 	Writing: 0x20000 bytes at 0xF60000 (buffer addr : 0x2001147C)
-I- 	0x20000 bytes written by applet
-I- Complete 21%
-I- 	Writing: 0x20000 bytes at 0xF80000 (buffer addr : 0x2001147C)
-I- 	0x20000 bytes written by applet
-I- Complete 21%
-I- 	Writing: 0x20000 bytes at 0xFA0000 (buffer addr : 0x2001147C)
-I- 	0x20000 bytes written by applet
-I- Complete 21%
-I- 	Writing: 0x20000 bytes at 0xFC0000 (buffer addr : 0x2001147C)
-I- 	0x20000 bytes written by applet
-I- Complete 22%
-I- 	Writing: 0x20000 bytes at 0xFE0000 (buffer addr : 0x2001147C)
-I- 	0x20000 bytes written by applet
-I- Complete 22%
-I- 	Writing: 0x20000 bytes at 0x1000000 (buffer addr : 0x2001147C)
-I- 	0x20000 bytes written by applet
-I- Complete 23%
-I- 	Writing: 0x20000 bytes at 0x1020000 (buffer addr : 0x2001147C)
-I- 	0x20000 bytes written by applet
-I- Complete 23%
-I- 	Writing: 0x20000 bytes at 0x1040000 (buffer addr : 0x2001147C)
-I- 	0x20000 bytes written by applet
-I- Complete 23%
-I- 	Writing: 0x20000 bytes at 0x1060000 (buffer addr : 0x2001147C)
-I- 	0x20000 bytes written by applet
-I- Complete 24%
-I- 	Writing: 0x20000 bytes at 0x1080000 (buffer addr : 0x2001147C)
-I- 	0x20000 bytes written by applet
-I- Complete 24%
-I- 	Writing: 0x20000 bytes at 0x10A0000 (buffer addr : 0x2001147C)
-I- 	0x20000 bytes written by applet
-I- Complete 24%
-I- 	Writing: 0x20000 bytes at 0x10C0000 (buffer addr : 0x2001147C)
-I- 	0x20000 bytes written by applet
-I- Complete 25%
-I- 	Writing: 0x20000 bytes at 0x10E0000 (buffer addr : 0x2001147C)
-I- 	0x20000 bytes written by applet
-I- Complete 25%
-I- 	Writing: 0x20000 bytes at 0x1100000 (buffer addr : 0x2001147C)
-I- 	0x20000 bytes written by applet
-I- Complete 25%
-I- 	Writing: 0x20000 bytes at 0x1120000 (buffer addr : 0x2001147C)
-I- 	0x20000 bytes written by applet
-I- Complete 26%
-I- 	Writing: 0x20000 bytes at 0x1140000 (buffer addr : 0x2001147C)
-I- 	0x20000 bytes written by applet
-I- Complete 26%
-I- 	Writing: 0x20000 bytes at 0x1160000 (buffer addr : 0x2001147C)
-I- 	0x20000 bytes written by applet
-I- Complete 26%
-I- 	Writing: 0x20000 bytes at 0x1180000 (buffer addr : 0x2001147C)
-I- 	0x20000 bytes written by applet
-I- Complete 27%
-I- 	Writing: 0x20000 bytes at 0x11A0000 (buffer addr : 0x2001147C)
-I- 	0x20000 bytes written by applet
-I- Complete 27%
-I- 	Writing: 0x20000 bytes at 0x11C0000 (buffer addr : 0x2001147C)
-I- 	0x20000 bytes written by applet
-I- Complete 28%
-I- 	Writing: 0x20000 bytes at 0x11E0000 (buffer addr : 0x2001147C)
-I- 	0x20000 bytes written by applet
-I- Complete 28%
-I- 	Writing: 0x20000 bytes at 0x1200000 (buffer addr : 0x2001147C)
-I- 	0x20000 bytes written by applet
-I- Complete 28%
-I- 	Writing: 0x20000 bytes at 0x1220000 (buffer addr : 0x2001147C)
-I- 	0x20000 bytes written by applet
-I- Complete 29%
-I- 	Writing: 0x20000 bytes at 0x1240000 (buffer addr : 0x2001147C)
-I- 	0x20000 bytes written by applet
-I- Complete 29%
-I- 	Writing: 0x20000 bytes at 0x1260000 (buffer addr : 0x2001147C)
-I- 	0x20000 bytes written by applet
-I- Complete 29%
-I- 	Writing: 0x20000 bytes at 0x1280000 (buffer addr : 0x2001147C)
-I- 	0x20000 bytes written by applet
-I- Complete 30%
-I- 	Writing: 0x20000 bytes at 0x12A0000 (buffer addr : 0x2001147C)
-I- 	0x20000 bytes written by applet
-I- Complete 30%
-I- 	Writing: 0x20000 bytes at 0x12C0000 (buffer addr : 0x2001147C)
-I- 	0x20000 bytes written by applet
-I- Complete 30%
-I- 	Writing: 0x20000 bytes at 0x12E0000 (buffer addr : 0x2001147C)
-I- 	0x20000 bytes written by applet
-I- Complete 31%
-I- 	Writing: 0x20000 bytes at 0x1300000 (buffer addr : 0x2001147C)
-I- 	0x20000 bytes written by applet
-I- Complete 31%
-I- 	Writing: 0x20000 bytes at 0x1320000 (buffer addr : 0x2001147C)
-I- 	0x20000 bytes written by applet
-I- Complete 31%
-I- 	Writing: 0x20000 bytes at 0x1340000 (buffer addr : 0x2001147C)
-I- 	0x20000 bytes written by applet
-I- Complete 32%
-I- 	Writing: 0x20000 bytes at 0x1360000 (buffer addr : 0x2001147C)
-I- 	0x20000 bytes written by applet
-I- Complete 32%
-I- 	Writing: 0x20000 bytes at 0x1380000 (buffer addr : 0x2001147C)
-I- 	0x20000 bytes written by applet
-I- Complete 32%
-I- 	Writing: 0x20000 bytes at 0x13A0000 (buffer addr : 0x2001147C)
-I- 	0x20000 bytes written by applet
-I- Complete 33%
-I- 	Writing: 0x20000 bytes at 0x13C0000 (buffer addr : 0x2001147C)
-I- 	0x20000 bytes written by applet
-I- Complete 33%
-I- 	Writing: 0x20000 bytes at 0x13E0000 (buffer addr : 0x2001147C)
-I- 	0x20000 bytes written by applet
-I- Complete 34%
-I- 	Writing: 0x20000 bytes at 0x1400000 (buffer addr : 0x2001147C)
-I- 	0x20000 bytes written by applet
-I- Complete 34%
-I- 	Writing: 0x20000 bytes at 0x1420000 (buffer addr : 0x2001147C)
-I- 	0x20000 bytes written by applet
-I- Complete 34%
-I- 	Writing: 0x20000 bytes at 0x1440000 (buffer addr : 0x2001147C)
-I- 	0x20000 bytes written by applet
-I- Complete 35%
-I- 	Writing: 0x20000 bytes at 0x1460000 (buffer addr : 0x2001147C)
-I- 	0x20000 bytes written by applet
-I- Complete 35%
-I- 	Writing: 0x20000 bytes at 0x1480000 (buffer addr : 0x2001147C)
-I- 	0x20000 bytes written by applet
-I- Complete 35%
-I- 	Writing: 0x20000 bytes at 0x14A0000 (buffer addr : 0x2001147C)
-I- 	0x20000 bytes written by applet
-I- Complete 36%
-I- 	Writing: 0x20000 bytes at 0x14C0000 (buffer addr : 0x2001147C)
-I- 	0x20000 bytes written by applet
-I- Complete 36%
-I- 	Writing: 0x20000 bytes at 0x14E0000 (buffer addr : 0x2001147C)
-I- 	0x20000 bytes written by applet
-I- Complete 36%
-I- 	Writing: 0x20000 bytes at 0x1500000 (buffer addr : 0x2001147C)
-I- 	0x20000 bytes written by applet
-I- Complete 37%
-I- 	Writing: 0x20000 bytes at 0x1520000 (buffer addr : 0x2001147C)
-I- 	0x20000 bytes written by applet
-I- Complete 37%
-I- 	Writing: 0x20000 bytes at 0x1540000 (buffer addr : 0x2001147C)
-I- 	0x20000 bytes written by applet
-I- Complete 37%
-I- 	Writing: 0x20000 bytes at 0x1560000 (buffer addr : 0x2001147C)
-I- 	0x20000 bytes written by applet
-I- Complete 38%
-I- 	Writing: 0x20000 bytes at 0x1580000 (buffer addr : 0x2001147C)
-I- 	0x20000 bytes written by applet
-I- Complete 38%
-I- 	Writing: 0x20000 bytes at 0x15A0000 (buffer addr : 0x2001147C)
-I- 	0x20000 bytes written by applet
-I- Complete 39%
-I- 	Writing: 0x20000 bytes at 0x15C0000 (buffer addr : 0x2001147C)
-I- 	0x20000 bytes written by applet
-I- Complete 39%
-I- 	Writing: 0x20000 bytes at 0x15E0000 (buffer addr : 0x2001147C)
-I- 	0x20000 bytes written by applet
-I- Complete 39%
-I- 	Writing: 0x20000 bytes at 0x1600000 (buffer addr : 0x2001147C)
-I- 	0x20000 bytes written by applet
-I- Complete 40%
-I- 	Writing: 0x20000 bytes at 0x1620000 (buffer addr : 0x2001147C)
-I- 	0x20000 bytes written by applet
-I- Complete 40%
-I- 	Writing: 0x20000 bytes at 0x1640000 (buffer addr : 0x2001147C)
-I- 	0x20000 bytes written by applet
-I- Complete 40%
-I- 	Writing: 0x20000 bytes at 0x1660000 (buffer addr : 0x2001147C)
-I- 	0x20000 bytes written by applet
-I- Complete 41%
-I- 	Writing: 0x20000 bytes at 0x1680000 (buffer addr : 0x2001147C)
-I- 	0x20000 bytes written by applet
-I- Complete 41%
-I- 	Writing: 0x20000 bytes at 0x16A0000 (buffer addr : 0x2001147C)
-I- 	0x20000 bytes written by applet
-I- Complete 41%
-I- 	Writing: 0x20000 bytes at 0x16C0000 (buffer addr : 0x2001147C)
-I- 	0x20000 bytes written by applet
-I- Complete 42%
-I- 	Writing: 0x20000 bytes at 0x16E0000 (buffer addr : 0x2001147C)
-I- 	0x20000 bytes written by applet
-I- Complete 42%
-I- 	Writing: 0x20000 bytes at 0x1700000 (buffer addr : 0x2001147C)
-I- 	0x20000 bytes written by applet
-I- Complete 42%
-I- 	Writing: 0x20000 bytes at 0x1720000 (buffer addr : 0x2001147C)
-I- 	0x20000 bytes written by applet
-I- Complete 43%
-I- 	Writing: 0x20000 bytes at 0x1740000 (buffer addr : 0x2001147C)
-I- 	0x20000 bytes written by applet
-I- Complete 43%
-I- 	Writing: 0x20000 bytes at 0x1760000 (buffer addr : 0x2001147C)
-I- 	0x20000 bytes written by applet
-I- Complete 43%
-I- 	Writing: 0x20000 bytes at 0x1780000 (buffer addr : 0x2001147C)
-I- 	0x20000 bytes written by applet
-I- Complete 44%
-I- 	Writing: 0x20000 bytes at 0x17A0000 (buffer addr : 0x2001147C)
-I- 	0x20000 bytes written by applet
-I- Complete 44%
-I- 	Writing: 0x20000 bytes at 0x17C0000 (buffer addr : 0x2001147C)
-I- 	0x20000 bytes written by applet
-I- Complete 45%
-I- 	Writing: 0x20000 bytes at 0x17E0000 (buffer addr : 0x2001147C)
-I- 	0x20000 bytes written by applet
-I- Complete 45%
-I- 	Writing: 0x20000 bytes at 0x1800000 (buffer addr : 0x2001147C)
-I- 	0x20000 bytes written by applet
-I- Complete 45%
-I- 	Writing: 0x20000 bytes at 0x1820000 (buffer addr : 0x2001147C)
-I- 	0x20000 bytes written by applet
-I- Complete 46%
-I- 	Writing: 0x20000 bytes at 0x1840000 (buffer addr : 0x2001147C)
-I- 	0x20000 bytes written by applet
-I- Complete 46%
-I- 	Writing: 0x20000 bytes at 0x1860000 (buffer addr : 0x2001147C)
-I- 	0x20000 bytes written by applet
-I- Complete 46%
-I- 	Writing: 0x20000 bytes at 0x1880000 (buffer addr : 0x2001147C)
-I- 	0x20000 bytes written by applet
-I- Complete 47%
-I- 	Writing: 0x20000 bytes at 0x18A0000 (buffer addr : 0x2001147C)
-I- 	0x20000 bytes written by applet
-I- Complete 47%
-I- 	Writing: 0x20000 bytes at 0x18C0000 (buffer addr : 0x2001147C)
-I- 	0x20000 bytes written by applet
-I- Complete 47%
-I- 	Writing: 0x20000 bytes at 0x18E0000 (buffer addr : 0x2001147C)
-I- 	0x20000 bytes written by applet
-I- Complete 48%
-I- 	Writing: 0x20000 bytes at 0x1900000 (buffer addr : 0x2001147C)
-I- 	0x20000 bytes written by applet
-I- Complete 48%
-I- 	Writing: 0x20000 bytes at 0x1920000 (buffer addr : 0x2001147C)
-I- 	0x20000 bytes written by applet
-I- Complete 48%
-I- 	Writing: 0x20000 bytes at 0x1940000 (buffer addr : 0x2001147C)
-I- 	0x20000 bytes written by applet
-I- Complete 49%
-I- 	Writing: 0x20000 bytes at 0x1960000 (buffer addr : 0x2001147C)
-I- 	0x20000 bytes written by applet
-I- Complete 49%
-I- 	Writing: 0x20000 bytes at 0x1980000 (buffer addr : 0x2001147C)
-I- 	0x20000 bytes written by applet
-I- Complete 50%
-I- 	Writing: 0x20000 bytes at 0x19A0000 (buffer addr : 0x2001147C)
-I- 	0x20000 bytes written by applet
-I- Complete 50%
-I- 	Writing: 0x20000 bytes at 0x19C0000 (buffer addr : 0x2001147C)
-I- 	0x20000 bytes written by applet
-I- Complete 50%
-I- 	Writing: 0x20000 bytes at 0x19E0000 (buffer addr : 0x2001147C)
-I- 	0x20000 bytes written by applet
-I- Complete 51%
-I- 	Writing: 0x20000 bytes at 0x1A00000 (buffer addr : 0x2001147C)
-I- 	0x20000 bytes written by applet
-I- Complete 51%
-I- 	Writing: 0x20000 bytes at 0x1A20000 (buffer addr : 0x2001147C)
-I- 	0x20000 bytes written by applet
-I- Complete 51%
-I- 	Writing: 0x20000 bytes at 0x1A40000 (buffer addr : 0x2001147C)
-I- 	0x20000 bytes written by applet
-I- Complete 52%
-I- 	Writing: 0x20000 bytes at 0x1A60000 (buffer addr : 0x2001147C)
-I- 	0x20000 bytes written by applet
-I- Complete 52%
-I- 	Writing: 0x20000 bytes at 0x1A80000 (buffer addr : 0x2001147C)
-I- 	0x20000 bytes written by applet
-I- Complete 52%
-I- 	Writing: 0x20000 bytes at 0x1AA0000 (buffer addr : 0x2001147C)
-I- 	0x20000 bytes written by applet
-I- Complete 53%
-I- 	Writing: 0x20000 bytes at 0x1AC0000 (buffer addr : 0x2001147C)
-I- 	0x20000 bytes written by applet
-I- Complete 53%
-I- 	Writing: 0x20000 bytes at 0x1AE0000 (buffer addr : 0x2001147C)
-I- 	0x20000 bytes written by applet
-I- Complete 53%
-I- 	Writing: 0x20000 bytes at 0x1B00000 (buffer addr : 0x2001147C)
-I- 	0x20000 bytes written by applet
-I- Complete 54%
-I- 	Writing: 0x20000 bytes at 0x1B20000 (buffer addr : 0x2001147C)
-I- 	0x20000 bytes written by applet
-I- Complete 54%
-I- 	Writing: 0x20000 bytes at 0x1B40000 (buffer addr : 0x2001147C)
-I- 	0x20000 bytes written by applet
-I- Complete 54%
-I- 	Writing: 0x20000 bytes at 0x1B60000 (buffer addr : 0x2001147C)
-I- 	0x20000 bytes written by applet
-I- Complete 55%
-I- 	Writing: 0x20000 bytes at 0x1B80000 (buffer addr : 0x2001147C)
-I- 	0x20000 bytes written by applet
-I- Complete 55%
-I- 	Writing: 0x20000 bytes at 0x1BA0000 (buffer addr : 0x2001147C)
-I- 	0x20000 bytes written by applet
-I- Complete 56%
-I- 	Writing: 0x20000 bytes at 0x1BC0000 (buffer addr : 0x2001147C)
-I- 	0x20000 bytes written by applet
-I- Complete 56%
-I- 	Writing: 0x20000 bytes at 0x1BE0000 (buffer addr : 0x2001147C)
-I- 	0x20000 bytes written by applet
-I- Complete 56%
-I- 	Writing: 0x20000 bytes at 0x1C00000 (buffer addr : 0x2001147C)
-I- 	0x20000 bytes written by applet
-I- Complete 57%
-I- 	Writing: 0x20000 bytes at 0x1C20000 (buffer addr : 0x2001147C)
-I- 	0x20000 bytes written by applet
-I- Complete 57%
-I- 	Writing: 0x20000 bytes at 0x1C40000 (buffer addr : 0x2001147C)
-I- 	0x20000 bytes written by applet
-I- Complete 57%
-I- 	Writing: 0x20000 bytes at 0x1C60000 (buffer addr : 0x2001147C)
-I- 	0x20000 bytes written by applet
-I- Complete 58%
-I- 	Writing: 0x20000 bytes at 0x1C80000 (buffer addr : 0x2001147C)
-I- 	0x20000 bytes written by applet
-I- Complete 58%
-I- 	Writing: 0x20000 bytes at 0x1CA0000 (buffer addr : 0x2001147C)
-I- 	0x20000 bytes written by applet
-I- Complete 58%
-I- 	Writing: 0x20000 bytes at 0x1CC0000 (buffer addr : 0x2001147C)
-I- 	0x20000 bytes written by applet
-I- Complete 59%
-I- 	Writing: 0x20000 bytes at 0x1CE0000 (buffer addr : 0x2001147C)
-I- 	0x20000 bytes written by applet
-I- Complete 59%
-I- 	Writing: 0x20000 bytes at 0x1D00000 (buffer addr : 0x2001147C)
-I- 	0x20000 bytes written by applet
-I- Complete 59%
-I- 	Writing: 0x20000 bytes at 0x1D20000 (buffer addr : 0x2001147C)
-I- 	0x20000 bytes written by applet
-I- Complete 60%
-I- 	Writing: 0x20000 bytes at 0x1D40000 (buffer addr : 0x2001147C)
-I- 	0x20000 bytes written by applet
-I- Complete 60%
-I- 	Writing: 0x20000 bytes at 0x1D60000 (buffer addr : 0x2001147C)
-I- 	0x20000 bytes written by applet
-I- Complete 60%
-I- 	Writing: 0x20000 bytes at 0x1D80000 (buffer addr : 0x2001147C)
-I- 	0x20000 bytes written by applet
-I- Complete 61%
-I- 	Writing: 0x20000 bytes at 0x1DA0000 (buffer addr : 0x2001147C)
-I- 	0x20000 bytes written by applet
-I- Complete 61%
-I- 	Writing: 0x20000 bytes at 0x1DC0000 (buffer addr : 0x2001147C)
-I- 	0x20000 bytes written by applet
-I- Complete 62%
-I- 	Writing: 0x20000 bytes at 0x1DE0000 (buffer addr : 0x2001147C)
-I- 	0x20000 bytes written by applet
-I- Complete 62%
-I- 	Writing: 0x20000 bytes at 0x1E00000 (buffer addr : 0x2001147C)
-I- 	0x20000 bytes written by applet
-I- Complete 62%
-I- 	Writing: 0x20000 bytes at 0x1E20000 (buffer addr : 0x2001147C)
-I- 	0x20000 bytes written by applet
-I- Complete 63%
-I- 	Writing: 0x20000 bytes at 0x1E40000 (buffer addr : 0x2001147C)
-I- 	0x20000 bytes written by applet
-I- Complete 63%
-I- 	Writing: 0x20000 bytes at 0x1E60000 (buffer addr : 0x2001147C)
-I- 	0x20000 bytes written by applet
-I- Complete 63%
-I- 	Writing: 0x20000 bytes at 0x1E80000 (buffer addr : 0x2001147C)
-I- 	0x20000 bytes written by applet
-I- Complete 64%
-I- 	Writing: 0x20000 bytes at 0x1EA0000 (buffer addr : 0x2001147C)
-I- 	0x20000 bytes written by applet
-I- Complete 64%
-I- 	Writing: 0x20000 bytes at 0x1EC0000 (buffer addr : 0x2001147C)
-I- 	0x20000 bytes written by applet
-I- Complete 64%
-I- 	Writing: 0x20000 bytes at 0x1EE0000 (buffer addr : 0x2001147C)
-I- 	0x20000 bytes written by applet
-I- Complete 65%
-I- 	Writing: 0x20000 bytes at 0x1F00000 (buffer addr : 0x2001147C)
-I- 	0x20000 bytes written by applet
-I- Complete 65%
-I- 	Writing: 0x20000 bytes at 0x1F20000 (buffer addr : 0x2001147C)
-I- 	0x20000 bytes written by applet
-I- Complete 65%
-I- 	Writing: 0x20000 bytes at 0x1F40000 (buffer addr : 0x2001147C)
-I- 	0x20000 bytes written by applet
-I- Complete 66%
-I- 	Writing: 0x20000 bytes at 0x1F60000 (buffer addr : 0x2001147C)
-I- 	0x20000 bytes written by applet
-I- Complete 66%
-I- 	Writing: 0x20000 bytes at 0x1F80000 (buffer addr : 0x2001147C)
-I- 	0x20000 bytes written by applet
-I- Complete 67%
-I- 	Writing: 0x20000 bytes at 0x1FA0000 (buffer addr : 0x2001147C)
-I- 	0x20000 bytes written by applet
-I- Complete 67%
-I- 	Writing: 0x20000 bytes at 0x1FC0000 (buffer addr : 0x2001147C)
-I- 	0x20000 bytes written by applet
-I- Complete 67%
-I- 	Writing: 0x20000 bytes at 0x1FE0000 (buffer addr : 0x2001147C)
-I- 	0x20000 bytes written by applet
-I- Complete 68%
-I- 	Writing: 0x20000 bytes at 0x2000000 (buffer addr : 0x2001147C)
-I- 	0x20000 bytes written by applet
-I- Complete 68%
-I- 	Writing: 0x20000 bytes at 0x2020000 (buffer addr : 0x2001147C)
-I- 	0x20000 bytes written by applet
-I- Complete 68%
-I- 	Writing: 0x20000 bytes at 0x2040000 (buffer addr : 0x2001147C)
-I- 	0x20000 bytes written by applet
-I- Complete 69%
-I- 	Writing: 0x20000 bytes at 0x2060000 (buffer addr : 0x2001147C)
-I- 	0x20000 bytes written by applet
-I- Complete 69%
-I- 	Writing: 0x20000 bytes at 0x2080000 (buffer addr : 0x2001147C)
-I- 	0x20000 bytes written by applet
-I- Complete 69%
-I- 	Writing: 0x20000 bytes at 0x20A0000 (buffer addr : 0x2001147C)
-I- 	0x20000 bytes written by applet
-I- Complete 70%
-I- 	Writing: 0x20000 bytes at 0x20C0000 (buffer addr : 0x2001147C)
-I- 	0x20000 bytes written by applet
-I- Complete 70%
-I- 	Writing: 0x20000 bytes at 0x20E0000 (buffer addr : 0x2001147C)
-I- 	0x20000 bytes written by applet
-I- Complete 70%
-I- 	Writing: 0x20000 bytes at 0x2100000 (buffer addr : 0x2001147C)
-I- 	0x20000 bytes written by applet
-I- Complete 71%
-I- 	Writing: 0x20000 bytes at 0x2120000 (buffer addr : 0x2001147C)
-I- 	0x20000 bytes written by applet
-I- Complete 71%
-I- 	Writing: 0x20000 bytes at 0x2140000 (buffer addr : 0x2001147C)
-I- 	0x20000 bytes written by applet
-I- Complete 71%
-I- 	Writing: 0x20000 bytes at 0x2160000 (buffer addr : 0x2001147C)
-I- 	0x20000 bytes written by applet
-I- Complete 72%
-I- 	Writing: 0x20000 bytes at 0x2180000 (buffer addr : 0x2001147C)
-I- 	0x20000 bytes written by applet
-I- Complete 72%
-I- 	Writing: 0x20000 bytes at 0x21A0000 (buffer addr : 0x2001147C)
-I- 	0x20000 bytes written by applet
-I- Complete 73%
-I- 	Writing: 0x20000 bytes at 0x21C0000 (buffer addr : 0x2001147C)
-I- 	0x20000 bytes written by applet
-I- Complete 73%
-I- 	Writing: 0x20000 bytes at 0x21E0000 (buffer addr : 0x2001147C)
-I- 	0x20000 bytes written by applet
-I- Complete 73%
-I- 	Writing: 0x20000 bytes at 0x2200000 (buffer addr : 0x2001147C)
-I- 	0x20000 bytes written by applet
-I- Complete 74%
-I- 	Writing: 0x20000 bytes at 0x2220000 (buffer addr : 0x2001147C)
-I- 	0x20000 bytes written by applet
-I- Complete 74%
-I- 	Writing: 0x20000 bytes at 0x2240000 (buffer addr : 0x2001147C)
-I- 	0x20000 bytes written by applet
-I- Complete 74%
-I- 	Writing: 0x20000 bytes at 0x2260000 (buffer addr : 0x2001147C)
-I- 	0x20000 bytes written by applet
-I- Complete 75%
-I- 	Writing: 0x20000 bytes at 0x2280000 (buffer addr : 0x2001147C)
-I- 	0x20000 bytes written by applet
-I- Complete 75%
-I- 	Writing: 0x20000 bytes at 0x22A0000 (buffer addr : 0x2001147C)
-I- 	0x20000 bytes written by applet
-I- Complete 75%
-I- 	Writing: 0x20000 bytes at 0x22C0000 (buffer addr : 0x2001147C)
-I- 	0x20000 bytes written by applet
-I- Complete 76%
-I- 	Writing: 0x20000 bytes at 0x22E0000 (buffer addr : 0x2001147C)
-I- 	0x20000 bytes written by applet
-I- Complete 76%
-I- 	Writing: 0x20000 bytes at 0x2300000 (buffer addr : 0x2001147C)
-I- 	0x20000 bytes written by applet
-I- Complete 76%
-I- 	Writing: 0x20000 bytes at 0x2320000 (buffer addr : 0x2001147C)
-I- 	0x20000 bytes written by applet
-I- Complete 77%
-I- 	Writing: 0x20000 bytes at 0x2340000 (buffer addr : 0x2001147C)
-I- 	0x20000 bytes written by applet
-I- Complete 77%
-I- 	Writing: 0x20000 bytes at 0x2360000 (buffer addr : 0x2001147C)
-I- 	0x20000 bytes written by applet
-I- Complete 78%
-I- 	Writing: 0x20000 bytes at 0x2380000 (buffer addr : 0x2001147C)
-I- 	0x20000 bytes written by applet
-I- Complete 78%
-I- 	Writing: 0x20000 bytes at 0x23A0000 (buffer addr : 0x2001147C)
-I- 	0x20000 bytes written by applet
-I- Complete 78%
-I- 	Writing: 0x20000 bytes at 0x23C0000 (buffer addr : 0x2001147C)
-I- 	0x20000 bytes written by applet
-I- Complete 79%
-I- 	Writing: 0x20000 bytes at 0x23E0000 (buffer addr : 0x2001147C)
-I- 	0x20000 bytes written by applet
-I- Complete 79%
-I- 	Writing: 0x20000 bytes at 0x2400000 (buffer addr : 0x2001147C)
-I- 	0x20000 bytes written by applet
-I- Complete 79%
-I- 	Writing: 0x20000 bytes at 0x2420000 (buffer addr : 0x2001147C)
-I- 	0x20000 bytes written by applet
-I- Complete 80%
-I- 	Writing: 0x20000 bytes at 0x2440000 (buffer addr : 0x2001147C)
-I- 	0x20000 bytes written by applet
-I- Complete 80%
-I- 	Writing: 0x20000 bytes at 0x2460000 (buffer addr : 0x2001147C)
-I- 	0x20000 bytes written by applet
-I- Complete 80%
-I- 	Writing: 0x20000 bytes at 0x2480000 (buffer addr : 0x2001147C)
-I- 	0x20000 bytes written by applet
-I- Complete 81%
-I- 	Writing: 0x20000 bytes at 0x24A0000 (buffer addr : 0x2001147C)
-I- 	0x20000 bytes written by applet
-I- Complete 81%
-I- 	Writing: 0x20000 bytes at 0x24C0000 (buffer addr : 0x2001147C)
-I- 	0x20000 bytes written by applet
-I- Complete 81%
-I- 	Writing: 0x20000 bytes at 0x24E0000 (buffer addr : 0x2001147C)
-I- 	0x20000 bytes written by applet
-I- Complete 82%
-I- 	Writing: 0x20000 bytes at 0x2500000 (buffer addr : 0x2001147C)
-I- 	0x20000 bytes written by applet
-I- Complete 82%
-I- 	Writing: 0x20000 bytes at 0x2520000 (buffer addr : 0x2001147C)
-I- 	0x20000 bytes written by applet
-I- Complete 82%
-I- 	Writing: 0x20000 bytes at 0x2540000 (buffer addr : 0x2001147C)
-I- 	0x20000 bytes written by applet
-I- Complete 83%
-I- 	Writing: 0x20000 bytes at 0x2560000 (buffer addr : 0x2001147C)
-I- 	0x20000 bytes written by applet
-I- Complete 83%
-I- 	Writing: 0x20000 bytes at 0x2580000 (buffer addr : 0x2001147C)
-I- 	0x20000 bytes written by applet
-I- Complete 84%
-I- 	Writing: 0x20000 bytes at 0x25A0000 (buffer addr : 0x2001147C)
-I- 	0x20000 bytes written by applet
-I- Complete 84%
-I- 	Writing: 0x20000 bytes at 0x25C0000 (buffer addr : 0x2001147C)
-I- 	0x20000 bytes written by applet
-I- Complete 84%
-I- 	Writing: 0x20000 bytes at 0x25E0000 (buffer addr : 0x2001147C)
-I- 	0x20000 bytes written by applet
-I- Complete 85%
-I- 	Writing: 0x20000 bytes at 0x2600000 (buffer addr : 0x2001147C)
-I- 	0x20000 bytes written by applet
-I- Complete 85%
-I- 	Writing: 0x20000 bytes at 0x2620000 (buffer addr : 0x2001147C)
-I- 	0x20000 bytes written by applet
-I- Complete 85%
-I- 	Writing: 0x20000 bytes at 0x2640000 (buffer addr : 0x2001147C)
-I- 	0x20000 bytes written by applet
-I- Complete 86%
-I- 	Writing: 0x20000 bytes at 0x2660000 (buffer addr : 0x2001147C)
-I- 	0x20000 bytes written by applet
-I- Complete 86%
-I- 	Writing: 0x20000 bytes at 0x2680000 (buffer addr : 0x2001147C)
-I- 	0x20000 bytes written by applet
-I- Complete 86%
-I- 	Writing: 0x20000 bytes at 0x26A0000 (buffer addr : 0x2001147C)
-I- 	0x20000 bytes written by applet
-I- Complete 87%
-I- 	Writing: 0x20000 bytes at 0x26C0000 (buffer addr : 0x2001147C)
-I- 	0x20000 bytes written by applet
-I- Complete 87%
-I- 	Writing: 0x20000 bytes at 0x26E0000 (buffer addr : 0x2001147C)
-I- 	0x20000 bytes written by applet
-I- Complete 87%
-I- 	Writing: 0x20000 bytes at 0x2700000 (buffer addr : 0x2001147C)
-I- 	0x20000 bytes written by applet
-I- Complete 88%
-I- 	Writing: 0x20000 bytes at 0x2720000 (buffer addr : 0x2001147C)
-I- 	0x20000 bytes written by applet
-I- Complete 88%
-I- 	Writing: 0x20000 bytes at 0x2740000 (buffer addr : 0x2001147C)
-I- 	0x20000 bytes written by applet
-I- Complete 89%
-I- 	Writing: 0x20000 bytes at 0x2760000 (buffer addr : 0x2001147C)
-I- 	0x20000 bytes written by applet
-I- Complete 89%
-I- 	Writing: 0x20000 bytes at 0x2780000 (buffer addr : 0x2001147C)
-I- 	0x20000 bytes written by applet
-I- Complete 89%
-I- 	Writing: 0x20000 bytes at 0x27A0000 (buffer addr : 0x2001147C)
-I- 	0x20000 bytes written by applet
-I- Complete 90%
-I- 	Writing: 0x20000 bytes at 0x27C0000 (buffer addr : 0x2001147C)
-I- 	0x20000 bytes written by applet
-I- Complete 90%
-I- 	Writing: 0x20000 bytes at 0x27E0000 (buffer addr : 0x2001147C)
-I- 	0x20000 bytes written by applet
-I- Complete 90%
-I- 	Writing: 0x20000 bytes at 0x2800000 (buffer addr : 0x2001147C)
-I- 	0x20000 bytes written by applet
-I- Complete 91%
-I- 	Writing: 0x20000 bytes at 0x2820000 (buffer addr : 0x2001147C)
-I- 	0x20000 bytes written by applet
-I- Complete 91%
-I- 	Writing: 0x20000 bytes at 0x2840000 (buffer addr : 0x2001147C)
-I- 	0x20000 bytes written by applet
-I- Complete 91%
-I- 	Writing: 0x20000 bytes at 0x2860000 (buffer addr : 0x2001147C)
-I- 	0x20000 bytes written by applet
-I- Complete 92%
-I- 	Writing: 0x20000 bytes at 0x2880000 (buffer addr : 0x2001147C)
-I- 	0x20000 bytes written by applet
-I- Complete 92%
-I- 	Writing: 0x20000 bytes at 0x28A0000 (buffer addr : 0x2001147C)
-I- 	0x20000 bytes written by applet
-I- Complete 92%
-I- 	Writing: 0x20000 bytes at 0x28C0000 (buffer addr : 0x2001147C)
-I- 	0x20000 bytes written by applet
-I- Complete 93%
-I- 	Writing: 0x20000 bytes at 0x28E0000 (buffer addr : 0x2001147C)
-I- 	0x20000 bytes written by applet
-I- Complete 93%
-I- 	Writing: 0x20000 bytes at 0x2900000 (buffer addr : 0x2001147C)
-I- 	0x20000 bytes written by applet
-I- Complete 93%
-I- 	Writing: 0x20000 bytes at 0x2920000 (buffer addr : 0x2001147C)
-I- 	0x20000 bytes written by applet
-I- Complete 94%
-I- 	Writing: 0x20000 bytes at 0x2940000 (buffer addr : 0x2001147C)
-I- 	0x20000 bytes written by applet
-I- Complete 94%
-I- 	Writing: 0x20000 bytes at 0x2960000 (buffer addr : 0x2001147C)
-I- 	0x20000 bytes written by applet
-I- Complete 95%
-I- 	Writing: 0x20000 bytes at 0x2980000 (buffer addr : 0x2001147C)
-I- 	0x20000 bytes written by applet
-I- Complete 95%
-I- 	Writing: 0x20000 bytes at 0x29A0000 (buffer addr : 0x2001147C)
-I- 	0x20000 bytes written by applet
-I- Complete 95%
-I- 	Writing: 0x20000 bytes at 0x29C0000 (buffer addr : 0x2001147C)
-I- 	0x20000 bytes written by applet
-I- Complete 96%
-I- 	Writing: 0x20000 bytes at 0x29E0000 (buffer addr : 0x2001147C)
-I- 	0x20000 bytes written by applet
-I- Complete 96%
-I- 	Writing: 0x20000 bytes at 0x2A00000 (buffer addr : 0x2001147C)
-I- 	0x20000 bytes written by applet
-I- Complete 96%
-I- 	Writing: 0x20000 bytes at 0x2A20000 (buffer addr : 0x2001147C)
-I- 	0x20000 bytes written by applet
-I- Complete 97%
-I- 	Writing: 0x20000 bytes at 0x2A40000 (buffer addr : 0x2001147C)
-I- 	0x20000 bytes written by applet
-I- Complete 97%
-I- 	Writing: 0x20000 bytes at 0x2A60000 (buffer addr : 0x2001147C)
-I- 	0x20000 bytes written by applet
-I- Complete 97%
-I- 	Writing: 0x20000 bytes at 0x2A80000 (buffer addr : 0x2001147C)
-I- 	0x20000 bytes written by applet
-I- Complete 98%
-I- 	Writing: 0x20000 bytes at 0x2AA0000 (buffer addr : 0x2001147C)
-I- 	0x20000 bytes written by applet
-I- Complete 98%
-I- 	Writing: 0x20000 bytes at 0x2AC0000 (buffer addr : 0x2001147C)
-I- 	0x20000 bytes written by applet
-I- Complete 98%
-I- 	Writing: 0x20000 bytes at 0x2AE0000 (buffer addr : 0x2001147C)
-I- 	0x20000 bytes written by applet
-I- Complete 99%
-I- 	Writing: 0x20000 bytes at 0x2B00000 (buffer addr : 0x2001147C)
-I- 	0x20000 bytes written by applet
-I- Complete 99%
-I- 	Writing: 0x20000 bytes at 0x2B20000 (buffer addr : 0x2001147C)
-I- 	0x20000 bytes written by applet
-I- === DONE. ===
